<?xml version="1.0" encoding="UTF-8"?>
<testng-results skipped="0" failed="0" total="6" passed="6">
  <reporter-output>
  </reporter-output>
  <suite name="Suite" duration-ms="15085" started-at="2018-08-16T04:37:55Z" finished-at="2018-08-16T04:38:10Z">
    <groups>
    </groups>
    <test name="Test2" duration-ms="15085" started-at="2018-08-16T04:37:55Z" finished-at="2018-08-16T04:38:10Z">
      <class name="WebTestFrame.validateContact">
        <test-method status="PASS" signature="initialize()[pri:0, instance:WebTestFrame.validateContact@74fe5c40]" name="initialize" is-config="true" duration-ms="9109" started-at="2018-08-16T00:37:55Z" finished-at="2018-08-16T00:38:04Z">
          <reporter-output>
          </reporter-output>
        </test-method> <!-- initialize -->
        <test-method status="PASS" signature="validContactTitle()[pri:0, instance:WebTestFrame.validateContact@74fe5c40]" name="validContactTitle" duration-ms="5062" started-at="2018-08-16T00:38:04Z" finished-at="2018-08-16T00:38:09Z">
          <reporter-output>
          </reporter-output>
        </test-method> <!-- validContactTitle -->
        <test-method status="PASS" signature="validContactDetlsLable()[pri:0, instance:WebTestFrame.validateContact@74fe5c40]" name="validContactDetlsLable" duration-ms="84" started-at="2018-08-16T00:38:09Z" finished-at="2018-08-16T00:38:09Z">
          <reporter-output>
          </reporter-output>
        </test-method> <!-- validContactDetlsLable -->
        <test-method status="PASS" signature="validContactAddr()[pri:0, instance:WebTestFrame.validateContact@74fe5c40]" name="validContactAddr" duration-ms="42" started-at="2018-08-16T00:38:09Z" finished-at="2018-08-16T00:38:09Z">
          <reporter-output>
          </reporter-output>
        </test-method> <!-- validContactAddr -->
        <test-method status="PASS" signature="validContactPhone()[pri:0, instance:WebTestFrame.validateContact@74fe5c40]" name="validContactPhone" duration-ms="65" started-at="2018-08-16T00:38:09Z" finished-at="2018-08-16T00:38:09Z">
          <reporter-output>
          </reporter-output>
        </test-method> <!-- validContactPhone -->
        <test-method status="PASS" signature="validContactEmails()[pri:0, instance:WebTestFrame.validateContact@74fe5c40]" name="validContactEmails" duration-ms="224" started-at="2018-08-16T00:38:09Z" finished-at="2018-08-16T00:38:09Z">
          <reporter-output>
          </reporter-output>
        </test-method> <!-- validContactEmails -->
        <test-method status="PASS" signature="databaseConnLogin()[pri:0, instance:WebTestFrame.validateContact@74fe5c40]" name="databaseConnLogin" duration-ms="363" started-at="2018-08-16T00:38:09Z" finished-at="2018-08-16T00:38:09Z">
          <reporter-output>
          </reporter-output>
        </test-method> <!-- databaseConnLogin -->
        <test-method status="PASS" signature="teardown()[pri:0, instance:WebTestFrame.validateContact@74fe5c40]" name="teardown" is-config="true" duration-ms="107" started-at="2018-08-16T00:38:09Z" finished-at="2018-08-16T00:38:10Z">
          <reporter-output>
          </reporter-output>
        </test-method> <!-- teardown -->
      </class> <!-- WebTestFrame.validateContact -->
    </test> <!-- Test2 -->
  </suite> <!-- Suite -->
</testng-results>
