<?xml version="1.0" encoding="UTF-8"?>
<testng-results skipped="0" failed="0" total="7" passed="7">
  <reporter-output>
  </reporter-output>
  <suite name="Default suite" duration-ms="23609" started-at="2018-09-25T21:48:54Z" finished-at="2018-09-25T21:49:17Z">
    <groups>
      <group name="End2End">
        <method signature="validateLogin.validEmailPwd(java.lang.String, java.lang.String)[pri:0, instance:WebTestFrame.validateLogin@10e31a9a]" name="validEmailPwd" class="WebTestFrame.validateLogin"/>
      </group> <!-- End2End -->
      <group name="Smoke">
        <method signature="validateLogin.validEmailPwd(java.lang.String, java.lang.String)[pri:0, instance:WebTestFrame.validateLogin@10e31a9a]" name="validEmailPwd" class="WebTestFrame.validateLogin"/>
        <method signature="validateLogin.validForgetPwd()[pri:0, instance:WebTestFrame.validateLogin@10e31a9a]" name="validForgetPwd" class="WebTestFrame.validateLogin"/>
      </group> <!-- Smoke -->
    </groups>
    <test name="Default test" duration-ms="23609" started-at="2018-09-25T21:48:54Z" finished-at="2018-09-25T21:49:17Z">
      <class name="WebTestFrame.validateLogin">
        <test-method status="PASS" signature="initialize()[pri:0, instance:WebTestFrame.validateLogin@10e31a9a]" name="initialize" is-config="true" duration-ms="10179" started-at="2018-09-25T17:48:54Z" finished-at="2018-09-25T17:49:04Z">
          <reporter-output>
          </reporter-output>
        </test-method> <!-- initialize -->
        <test-method status="PASS" signature="validPopClose()[pri:0, instance:WebTestFrame.validateLogin@10e31a9a]" name="validPopClose" is-config="true" duration-ms="6605" started-at="2018-09-25T17:49:04Z" finished-at="2018-09-25T17:49:11Z">
          <reporter-output>
          </reporter-output>
        </test-method> <!-- validPopClose -->
        <test-method status="PASS" signature="databaseConnLogin()[pri:0, instance:WebTestFrame.validateLogin@10e31a9a]" name="databaseConnLogin" duration-ms="1125" started-at="2018-09-25T17:49:11Z" finished-at="2018-09-25T17:49:12Z">
          <reporter-output>
          </reporter-output>
        </test-method> <!-- databaseConnLogin -->
        <test-method status="PASS" signature="validEmailPwd(java.lang.String, java.lang.String)[pri:0, instance:WebTestFrame.validateLogin@10e31a9a]" name="validEmailPwd" duration-ms="1617" started-at="2018-09-25T17:49:12Z" data-provider="getData" finished-at="2018-09-25T17:49:13Z">
          <params>
            <param index="0">
              <value>
                <![CDATA[gourav@gmail.com]]>
              </value>
            </param>
            <param index="1">
              <value>
                <![CDATA[12345]]>
              </value>
            </param>
          </params>
          <reporter-output>
          </reporter-output>
        </test-method> <!-- validEmailPwd -->
        <test-method status="PASS" signature="validEmailPwd(java.lang.String, java.lang.String)[pri:0, instance:WebTestFrame.validateLogin@10e31a9a]" name="validEmailPwd" duration-ms="2" started-at="2018-09-25T17:49:13Z" data-provider="getData" finished-at="2018-09-25T17:49:13Z">
          <params>
            <param index="0">
              <value>
                <![CDATA[gourav]]>
              </value>
            </param>
            <param index="1">
              <value>
                <![CDATA[145789]]>
              </value>
            </param>
          </params>
          <reporter-output>
          </reporter-output>
        </test-method> <!-- validEmailPwd -->
        <test-method status="PASS" signature="validEmailPwd(java.lang.String, java.lang.String)[pri:0, instance:WebTestFrame.validateLogin@10e31a9a]" name="validEmailPwd" duration-ms="2" started-at="2018-09-25T17:49:13Z" data-provider="getData" finished-at="2018-09-25T17:49:13Z">
          <params>
            <param index="0">
              <value>
                <![CDATA[gourav@]]>
              </value>
            </param>
            <param index="1">
              <value>
                <![CDATA[145789]]>
              </value>
            </param>
          </params>
          <reporter-output>
          </reporter-output>
        </test-method> <!-- validEmailPwd -->
        <test-method status="PASS" signature="validErrorColor()[pri:0, instance:WebTestFrame.validateLogin@10e31a9a]" name="validErrorColor" duration-ms="72" started-at="2018-09-25T17:49:13Z" finished-at="2018-09-25T17:49:13Z">
          <reporter-output>
          </reporter-output>
        </test-method> <!-- validErrorColor -->
        <test-method status="PASS" signature="validErrorBgColor()[pri:0, instance:WebTestFrame.validateLogin@10e31a9a]" name="validErrorBgColor" duration-ms="38" started-at="2018-09-25T17:49:13Z" finished-at="2018-09-25T17:49:14Z">
          <reporter-output>
          </reporter-output>
        </test-method> <!-- validErrorBgColor -->
        <test-method status="PASS" signature="validForgetPwd()[pri:0, instance:WebTestFrame.validateLogin@10e31a9a]" name="validForgetPwd" duration-ms="3935" started-at="2018-09-25T17:49:14Z" finished-at="2018-09-25T17:49:17Z">
          <reporter-output>
          </reporter-output>
        </test-method> <!-- validForgetPwd -->
        <test-method status="PASS" signature="teardown()[pri:0, instance:WebTestFrame.validateLogin@10e31a9a]" name="teardown" is-config="true" duration-ms="0" started-at="2018-09-25T17:49:17Z" finished-at="2018-09-25T17:49:17Z">
          <reporter-output>
          </reporter-output>
        </test-method> <!-- teardown -->
      </class> <!-- WebTestFrame.validateLogin -->
    </test> <!-- Default test -->
  </suite> <!-- Default suite -->
</testng-results>
