<?xml version="1.0" encoding="UTF-8"?>
<!-- Generated by org.testng.reporters.JUnitReportReporter -->
<testsuite hostname="Gouravs-MacBook-Air.local" name="WebTestFrame.validateContact" tests="6" failures="0" timestamp="16 Aug 2018 04:38:10 GMT" time="5.840" errors="0">
  <testcase name="validContactTitle" time="5.062" classname="WebTestFrame.validateContact"/>
  <testcase name="validContactEmails" time="0.224" classname="WebTestFrame.validateContact"/>
  <testcase name="validContactPhone" time="0.065" classname="WebTestFrame.validateContact"/>
  <testcase name="databaseConnLogin" time="0.363" classname="WebTestFrame.validateContact"/>
  <testcase name="validContactDetlsLable" time="0.084" classname="WebTestFrame.validateContact"/>
  <testcase name="validContactAddr" time="0.042" classname="WebTestFrame.validateContact"/>
</testsuite> <!-- WebTestFrame.validateContact -->
