<?xml version="1.0" encoding="UTF-8"?>
<!-- Generated by org.testng.reporters.JUnitXMLReporter -->
<testsuite hostname="Gouravs-MacBook-Air.local" name="Default test" tests="5" failures="0" timestamp="13 Jul 2018 00:33:29 GMT" time="25.235" errors="0">
  <testcase name="validEmailPwd" time="1.965" classname="WebTestFrame.validateLogin"/>
  <testcase name="validEmailPwd" time="0.003" classname="WebTestFrame.validateLogin"/>
  <testcase name="validEmailPwd" time="0.002" classname="WebTestFrame.validateLogin"/>
  <testcase name="validErrorColor" time="0.082" classname="WebTestFrame.validateLogin"/>
  <testcase name="validErrorBgColor" time="0.58" classname="WebTestFrame.validateLogin"/>
</testsuite> <!-- Default test -->
