<?xml version="1.0" encoding="UTF-8"?>
<!-- Generated by org.testng.reporters.JUnitXMLReporter -->
<testsuite hostname="Gouravs-MacBook-Air.local" name="Test3" tests="17" failures="0" timestamp="6 Sep 2018 18:22:11 GMT" time="57.002" errors="0">
  <testcase name="checkLinksToFacebook" time="15.504" classname="WebTestFrame.validateHomePage"/>
  <testcase name="checkLinksToYouTube" time="7.897" classname="WebTestFrame.validateHomePage"/>
  <testcase name="homePNavigationDisplayed" time="0.667" classname="WebTestFrame.validateHomePage"/>
  <testcase name="validFCSeleStudEnrol" time="0.052" classname="WebTestFrame.validateHomePage"/>
  <testcase name="validFCSelenimLinks" time="0.464" classname="WebTestFrame.validateHomePage"/>
  <testcase name="validFCSelenimRate" time="0.086" classname="WebTestFrame.validateHomePage"/>
  <testcase name="validFCSeleniumDiscPrice" time="0.144" classname="WebTestFrame.validateHomePage"/>
  <testcase name="validFCSeleniumPrice" time="0.046" classname="WebTestFrame.validateHomePage"/>
  <testcase name="validFeaturedCourses" time="0.7" classname="WebTestFrame.validateHomePage"/>
  <testcase name="validNaviBarAbout" time="2.834" classname="WebTestFrame.validateHomePage"/>
  <testcase name="validNaviBarBlog" time="7.084" classname="WebTestFrame.validateHomePage"/>
  <testcase name="validNaviBarContact" time="1.164" classname="WebTestFrame.validateHomePage"/>
  <testcase name="validNaviBarCourses" time="3.498" classname="WebTestFrame.validateHomePage"/>
  <testcase name="validNaviBarHome" time="1.996" classname="WebTestFrame.validateHomePage"/>
  <testcase name="validNaviBarIntGuides" time="1.434" classname="WebTestFrame.validateHomePage"/>
  <testcase name="validNaviBarPractice" time="1.916" classname="WebTestFrame.validateHomePage"/>
  <testcase name="validNaviBarVideos" time="1.485" classname="WebTestFrame.validateHomePage"/>
</testsuite> <!-- Test3 -->
