<?xml version="1.0" encoding="UTF-8"?>
<!-- Generated by org.testng.reporters.JUnitXMLReporter -->
<testsuite hostname="Gouravs-MacBook-Air.local" name="Test5" tests="6" failures="0" timestamp="15 Jul 2018 02:21:32 GMT" time="17.921" errors="0">
  <testcase name="validEmailPwd" time="1.743" classname="WebTestFrame.validateLogin"/>
  <testcase name="validEmailPwd" time="0.001" classname="WebTestFrame.validateLogin"/>
  <testcase name="validEmailPwd" time="0.001" classname="WebTestFrame.validateLogin"/>
  <testcase name="validErrorColor" time="0.029" classname="WebTestFrame.validateLogin"/>
  <testcase name="validErrorBgColor" time="0.026" classname="WebTestFrame.validateLogin"/>
  <testcase name="validForgetPwd" time="2.233" classname="WebTestFrame.validateLogin"/>
</testsuite> <!-- Test5 -->
