<?xml version="1.0" encoding="UTF-8"?>
<!-- Generated by org.testng.reporters.JUnitXMLReporter -->
<testsuite hostname="Gouravs-MacBook-Air.local" name="Test4" tests="12" failures="1" timestamp="9 Sep 2018 19:14:59 GMT" time="21.817" errors="0">
  <testcase name="validPracticeLink" time="5.09" classname="WebTestFrame.ValidatePractice"/>
  <testcase name="validPracticeRadio" time="0.003" classname="WebTestFrame.ValidatePractice">
    <failure type="java.lang.Error" message="Unresolved compilation problems: 
	Syntax error, insert &amp;quot;VariableDeclarators&amp;quot; to complete LocalVariableDeclaration
	Syntax error, insert &amp;quot;;&amp;quot; to complete LocalVariableDeclarationStatement
	QACLICK cannot be resolved
">
      <![CDATA[java.lang.Error: Unresolved compilation problems: 
	Syntax error, insert "VariableDeclarators" to complete LocalVariableDeclaration
	Syntax error, insert ";" to complete LocalVariableDeclarationStatement
	QACLICK cannot be resolved

	at WebTestFrame.ValidatePractice.validPracticeRadio(ValidatePractice.java:79)
... Removed 24 stack frames]]>
    </failure>
  </testcase> <!-- validPracticeRadio -->
  <testcase name="validSuggessionTxtBox" time="0.396" classname="WebTestFrame.ValidatePractice"/>
  <testcase name="validPracticeDropdown" time="0.564" classname="WebTestFrame.ValidatePractice"/>
  <testcase name="validPracticeCheckbox" time="0.393" classname="WebTestFrame.ValidatePractice"/>
  <testcase name="validPracticeSwitchWindow" time="0.713" classname="WebTestFrame.ValidatePractice"/>
  <testcase name="validPracticeSwitchTab" time="0.465" classname="WebTestFrame.ValidatePractice"/>
  <testcase name="validPracticeSwitchAlert" time="0.573" classname="WebTestFrame.ValidatePractice"/>
  <testcase name="validPracticeElementDisplayed" time="0.448" classname="WebTestFrame.ValidatePractice"/>
  <testcase name="validPracticeWebTable" time="0.437" classname="WebTestFrame.ValidatePractice"/>
  <testcase name="validPracMouseHovrTop" time="0.301" classname="WebTestFrame.ValidatePractice"/>
  <testcase name="validPracMouseHovrReload" time="1.776" classname="WebTestFrame.ValidatePractice"/>
</testsuite> <!-- Test4 -->
