<?xml version="1.0" encoding="UTF-8"?>
<!-- Generated by org.testng.reporters.JUnitXMLReporter -->
<testsuite hostname="Gouravs-MacBook-Air.local" name="Test5" tests="7" failures="0" timestamp="10 Aug 2018 03:42:58 GMT" time="20.952" errors="0">
  <testcase name="databaseConn" time="0.364" classname="WebTestFrame.validateLogin"/>
  <testcase name="validEmailPwd" time="1.487" classname="WebTestFrame.validateLogin"/>
  <testcase name="validEmailPwd" time="0.002" classname="WebTestFrame.validateLogin"/>
  <testcase name="validEmailPwd" time="0.007" classname="WebTestFrame.validateLogin"/>
  <testcase name="validErrorColor" time="0.067" classname="WebTestFrame.validateLogin"/>
  <testcase name="validErrorBgColor" time="0.034" classname="WebTestFrame.validateLogin"/>
  <testcase name="validForgetPwd" time="2.656" classname="WebTestFrame.validateLogin"/>
</testsuite> <!-- Test5 -->
