<?xml version="1.0" encoding="UTF-8"?>
<!-- Generated by org.testng.reporters.JUnitXMLReporter -->
<testsuite hostname="Gouravs-MacBook-Air.local" name="Test1" tests="10" failures="0" timestamp="14 Jul 2018 23:24:34 GMT" time="31.19" errors="0">
  <testcase name="validEmailReqdError" time="9.775" classname="WebTestFrame.validateCreateAccount"/>
  <testcase name="validEmailAdd" time="1.265" classname="WebTestFrame.validateCreateAccount"/>
  <testcase name="validFullName" time="0.904" classname="WebTestFrame.validateCreateAccount"/>
  <testcase name="validPwdNull" time="1.094" classname="WebTestFrame.validateCreateAccount"/>
  <testcase name="validPwdLength" time="2.487" classname="WebTestFrame.validateCreateAccount"/>
  <testcase name="validConPwdSame" time="1.45" classname="WebTestFrame.validateCreateAccount"/>
  <testcase name="validConPwdNotSame" time="1.723" classname="WebTestFrame.validateCreateAccount"/>
  <testcase name="validPolicyCheckBox" time="1.266" classname="WebTestFrame.validateCreateAccount"/>
  <testcase name="validErrorColor" time="0.942" classname="WebTestFrame.validateCreateAccount"/>
  <testcase name="validErrorBgColor" time="1.189" classname="WebTestFrame.validateCreateAccount"/>
</testsuite> <!-- Test1 -->
