<?xml version="1.0" encoding="UTF-8"?>
<!-- Generated by org.testng.reporters.JUnitXMLReporter -->
<testsuite hostname="Gouravs-MacBook-Air.local" name="Test2" tests="5" failures="0" timestamp="15 Jul 2018 02:21:46 GMT" time="13.769" errors="0">
  <testcase name="validContactTitle" time="6.791" classname="WebTestFrame.validateContact"/>
  <testcase name="validContactDetlsLable" time="0.081" classname="WebTestFrame.validateContact"/>
  <testcase name="validContactAddr" time="0.037" classname="WebTestFrame.validateContact"/>
  <testcase name="validContactPhone" time="0.038" classname="WebTestFrame.validateContact"/>
  <testcase name="validContactEmails" time="0.17" classname="WebTestFrame.validateContact"/>
</testsuite> <!-- Test2 -->
