<?xml version="1.0" encoding="UTF-8"?>
<!-- Generated by org.testng.reporters.JUnitXMLReporter -->
<testsuite hostname="Gouravs-MacBook-Air.local" name="Test2" tests="5" failures="0" timestamp="14 Jul 2018 23:25:55 GMT" time="14.276" errors="0">
  <testcase name="validContactTitle" time="7.396" classname="WebTestFrame.validateContact"/>
  <testcase name="validContactDetlsLable" time="0.082" classname="WebTestFrame.validateContact"/>
  <testcase name="validContactAddr" time="0.037" classname="WebTestFrame.validateContact"/>
  <testcase name="validContactPhone" time="0.039" classname="WebTestFrame.validateContact"/>
  <testcase name="validContactEmails" time="0.181" classname="WebTestFrame.validateContact"/>
</testsuite> <!-- Test2 -->
